25/10/24 (16:00:07) | INFO: Loglevel set to INFO
25/10/24 (16:06:15) | WARNING: Config key "proc_sorted" didn't get an acceptable value!
26/10/24 (14:18:57) | ERROR: Data collection thread failed with exception: list index out of range
Traceback (most recent call last):
  File "/usr/bin/bpytop", line 2959, in _runner
    collector._draw()
  File "/usr/bin/bpytop", line 3991, in _draw
    ProcBox._draw_fg()
  File "/usr/bin/bpytop", line 2835, in _draw_fg
    vals += [f'{THEME.gradient["proc_color" if val < 100 else "process"][val if val < 100 else val - 100]}']
                ~~~~~~~~~~~~~~~~~~~~~~~~~~~~~~~~~~~~~~~~~~~~~~~~~~~~~~~~^^^^^^^^^^^^^^^^^^^^^^^^^^^^^^^^^
IndexError: list index out of range
26/10/24 (14:18:57) | WARNING: Exiting with errorcode (1). Runtime 0:00:00 

19/11/24 (02:39:12) | ERROR: Data collection thread failed with exception: list index out of range
Traceback (most recent call last):
  File "/usr/bin/bpytop", line 2959, in _runner
    collector._draw()
  File "/usr/bin/bpytop", line 3991, in _draw
    ProcBox._draw_fg()
  File "/usr/bin/bpytop", line 2835, in _draw_fg
    vals += [f'{THEME.gradient["proc_color" if val < 100 else "process"][val if val < 100 else val - 100]}']
                ~~~~~~~~~~~~~~~~~~~~~~~~~~~~~~~~~~~~~~~~~~~~~~~~~~~~~~~~^^^^^^^^^^^^^^^^^^^^^^^^^^^^^^^^^
IndexError: list index out of range
19/11/24 (02:39:12) | WARNING: Exiting with errorcode (1). Runtime 0:00:00 

19/11/24 (02:39:19) | ERROR: Data collection thread failed with exception: list index out of range
Traceback (most recent call last):
  File "/usr/bin/bpytop", line 2959, in _runner
    collector._draw()
  File "/usr/bin/bpytop", line 3991, in _draw
    ProcBox._draw_fg()
  File "/usr/bin/bpytop", line 2835, in _draw_fg
    vals += [f'{THEME.gradient["proc_color" if val < 100 else "process"][val if val < 100 else val - 100]}']
                ~~~~~~~~~~~~~~~~~~~~~~~~~~~~~~~~~~~~~~~~~~~~~~~~~~~~~~~~^^^^^^^^^^^^^^^^^^^^^^^^^^^^^^^^^
IndexError: list index out of range
19/11/24 (02:39:19) | WARNING: Exiting with errorcode (1). Runtime 0:00:00 

19/11/24 (02:39:22) | WARNING: Exiting with errorcode (1). Runtime 0:00:03 

20/11/24 (00:03:22) | ERROR: Exception when sending signal 15 to pid 26740
20/11/24 (00:03:22) | ERROR: [Errno 1] Operation not permitted
Traceback (most recent call last):
  File "/usr/bin/bpytop", line 5479, in process_keys
    os.kill(pid, sig)
PermissionError: [Errno 1] Operation not permitted
20/11/24 (17:33:28) | ERROR: Data collection thread failed with exception: Sign not allowed in string format specifier
Traceback (most recent call last):
  File "/usr/bin/bpytop", line 2959, in _runner
    collector._draw()
  File "/usr/bin/bpytop", line 3991, in _draw
    ProcBox._draw_fg()
  File "/usr/bin/bpytop", line 2739, in _draw_fg
    label = (f'{THEME.title}{Fx.b}{Mv.to(y, x)}{"Pid:":>7} {"Program:" if prog_len > 8 else "Prg:":<{prog_len}}' + (f'{"Arguments:":<{arg_len-4}}' if arg_len else "") +
                                                           ^^^^^^^^^^^^^^^^^^^^^^^^^^^^^^^^^^^^^^^^^^^^^^^^^^^^
ValueError: Sign not allowed in string format specifier
20/11/24 (17:33:28) | WARNING: Exiting with errorcode (1). Runtime 0:00:00 

23/11/24 (17:32:10) | ERROR: Data collection thread failed with exception: Sign not allowed in string format specifier
Traceback (most recent call last):
  File "/usr/bin/bpytop", line 2959, in _runner
    collector._draw()
  File "/usr/bin/bpytop", line 3991, in _draw
    ProcBox._draw_fg()
  File "/usr/bin/bpytop", line 2739, in _draw_fg
    label = (f'{THEME.title}{Fx.b}{Mv.to(y, x)}{"Pid:":>7} {"Program:" if prog_len > 8 else "Prg:":<{prog_len}}' + (f'{"Arguments:":<{arg_len-4}}' if arg_len else "") +
                                                           ^^^^^^^^^^^^^^^^^^^^^^^^^^^^^^^^^^^^^^^^^^^^^^^^^^^^
ValueError: Sign not allowed in string format specifier
23/11/24 (17:32:10) | WARNING: Exiting with errorcode (1). Runtime 0:00:00 

